Using pre-set license
Built from '2020.3/staging' branch; Version is '2020.3.23f1 (c5d91304a876) revision 12966163'; Using compiler version '192528614'; Build Type 'Release'
OS: 'Windows 10 Pro; OS build 22000.675; Version 2009; 64bit' Language: 'ja' Physical Memory: 7778 MB
BatchMode: 1, IsHumanControllingUs: 0, StartBugReporterOnCrash: 0, Is64bit: 1, IsPro: 0

COMMAND LINE ARGUMENTS:
C:\Program Files\Unity\Hub\Editor\2020.3.23f1\Editor\Unity.exe
-adb2
-batchMode
-noUpm
-name
AssetImportWorker0
-projectPath
C:/Users/norig/OneDrive/ドキュメント/UI_Check
-logFile
Logs/AssetImportWorker0.log
-srvPort
50028
Successfully changed project path to: C:/Users/norig/OneDrive/ドキュメント/UI_Check
C:/Users/norig/OneDrive/ドキュメント/UI_Check
Using Asset Import Pipeline V2.
Refreshing native plugins compatible for Editor in 49.60 ms, found 2 plugins.
Preloading 0 native plugins for Editor in 0.00 ms.
Initialize engine version: 2020.3.23f1 (c5d91304a876)
[Subsystems] Discovering subsystems at path C:/Program Files/Unity/Hub/Editor/2020.3.23f1/Editor/Data/Resources/UnitySubsystems
[Subsystems] Discovering subsystems at path C:/Users/norig/OneDrive/ドキュメント/UI_Check/Assets
GfxDevice: creating device client; threaded=0
Direct3D:
    Version:  Direct3D 11.0 [level 11.1]
    Renderer: Intel(R) Iris(R) Plus Graphics (ID=0x8a5a)
    Vendor:   
    VRAM:     3889 MB
    Driver:   27.20.100.9621
Initialize mono
Mono path[0] = 'C:/Program Files/Unity/Hub/Editor/2020.3.23f1/Editor/Data/Managed'
Mono path[1] = 'C:/Program Files/Unity/Hub/Editor/2020.3.23f1/Editor/Data/MonoBleedingEdge/lib/mono/unityjit'
Mono config path = 'C:/Program Files/Unity/Hub/Editor/2020.3.23f1/Editor/Data/MonoBleedingEdge/etc'
Using monoOptions --debugger-agent=transport=dt_socket,embedding=1,server=y,suspend=n,address=127.0.0.1:56544
Begin MonoManager ReloadAssembly
Registering precompiled unity dll's ...
Register platform support module: C:/Program Files/Unity/Hub/Editor/2020.3.23f1/Editor/Data/PlaybackEngines/WindowsStandaloneSupport/UnityEditor.WindowsStandalone.Extensions.dll
Registered in 0.002650 seconds.
Native extension for WindowsStandalone target not found
Refreshing native plugins compatible for Editor in 46.97 ms, found 2 plugins.
Preloading 0 native plugins for Editor in 0.00 ms.
Mono: successfully reloaded assembly
- Completed reload, in  0.776 seconds
Domain Reload Profiling:
	ReloadAssembly (777ms)
		BeginReloadAssembly (84ms)
			ExecutionOrderSort (0ms)
			DisableScriptedObjects (0ms)
			BackupInstance (0ms)
			ReleaseScriptingObjects (0ms)
			CreateAndSetChildDomain (1ms)
		EndReloadAssembly (596ms)
			LoadAssemblies (84ms)
			RebuildTransferFunctionScriptingTraits (0ms)
			SetupTypeCache (184ms)
			ReleaseScriptCaches (0ms)
			RebuildScriptCaches (34ms)
			SetupLoadedEditorAssemblies (219ms)
				LogAssemblyErrors (0ms)
				InitializePlatformSupportModulesInManaged (5ms)
				SetLoadedEditorAssemblies (0ms)
				RefreshPlugins (47ms)
				BeforeProcessingInitializeOnLoad (26ms)
				ProcessInitializeOnLoadAttributes (107ms)
				ProcessInitializeOnLoadMethodAttributes (34ms)
				AfterProcessingInitializeOnLoad (0ms)
				EditorAssembliesLoaded (0ms)
			ExecutionOrderSort2 (0ms)
			AwakeInstancesAfterBackupRestoration (0ms)
Platform modules already initialized, skipping
Registering precompiled user dll's ...
Registered in 0.011785 seconds.
Begin MonoManager ReloadAssembly
Native extension for WindowsStandalone target not found
Refreshing native plugins compatible for Editor in 0.46 ms, found 2 plugins.
Preloading 0 native plugins for Editor in 0.00 ms.
Mono: successfully reloaded assembly
- Completed reload, in  1.715 seconds
Domain Reload Profiling:
	ReloadAssembly (1717ms)
		BeginReloadAssembly (202ms)
			ExecutionOrderSort (0ms)
			DisableScriptedObjects (5ms)
			BackupInstance (0ms)
			ReleaseScriptingObjects (0ms)
			CreateAndSetChildDomain (22ms)
		EndReloadAssembly (1439ms)
			LoadAssemblies (159ms)
			RebuildTransferFunctionScriptingTraits (0ms)
			SetupTypeCache (451ms)
			ReleaseScriptCaches (1ms)
			RebuildScriptCaches (84ms)
			SetupLoadedEditorAssemblies (628ms)
				LogAssemblyErrors (0ms)
				InitializePlatformSupportModulesInManaged (7ms)
				SetLoadedEditorAssemblies (1ms)
				RefreshPlugins (1ms)
				BeforeProcessingInitializeOnLoad (162ms)
				ProcessInitializeOnLoadAttributes (437ms)
				ProcessInitializeOnLoadMethodAttributes (16ms)
				AfterProcessingInitializeOnLoad (4ms)
				EditorAssembliesLoaded (0ms)
			ExecutionOrderSort2 (0ms)
			AwakeInstancesAfterBackupRestoration (9ms)
Platform modules already initialized, skipping
========================================================================
Worker process is ready to serve import requests
Launched and connected shader compiler UnityShaderCompiler.exe after 0.18 seconds
Refreshing native plugins compatible for Editor in 0.47 ms, found 2 plugins.
Preloading 0 native plugins for Editor in 0.00 ms.
Unloading 1499 Unused Serialized files (Serialized files now loaded: 0)
System memory in use before: 67.4 MB.
System memory in use after: 67.5 MB.

Unloading 19 unused Assets to reduce memory usage. Loaded Objects now: 1932.
Total: 4.222800 ms (FindLiveObjects: 0.263500 ms CreateObjectMapping: 0.054000 ms MarkObjects: 3.755100 ms  DeleteObjects: 0.148300 ms)

AssetImportParameters requested are different than current active one (requested -> active):
  custom:framework-win-MediaFoundation: 216162199b28c13a410421893ffa2e32 -> 
  custom:video-decoder-ogg-theora: a1e56fd34408186e4bbccfd4996cb3dc -> 
  custom:container-muxer-webm: aa71ff27fc2769a1b78a27578f13a17b -> 
  custom:container-demuxer-webm: 4f35f7cbe854078d1ac9338744f61a02 -> 
  custom:container-demuxer-ogg: 62fdf1f143b41e24485cea50d1cbac27 -> 
  custom:video-encoder-webm-vp8: eb34c28f22e8b96e1ab97ce403110664 -> 
  custom:video-codec-MediaFoundation-h265: 746d11721c4dcdbdad8f713fa42b33f4 -> 
  custom:video-decoder-webm-vp8: 9c59270c3fd7afecdb556c50c9e8de78 -> 
  custom:audio-decoder-ogg-vorbis: bf7c407c2cedff20999df2af8eb42d56 -> 
  custom:audio-encoder-webm-vorbis: bf7c407c2cedff20999df2af8eb42d56 -> 
========================================================================
Received Import Request.
  path: Assets/UI pack/Fonts/Roboto-Regular.ttf
  artifactKey: Guid(87234a9d13698654bb0d237fbcff721c) Importer(815301076,1909f56bfc062723c751e8b465ee728b)
Start importing Assets/UI pack/Fonts/Roboto-Regular.ttf using Guid(87234a9d13698654bb0d237fbcff721c) Importer(815301076,1909f56bfc062723c751e8b465ee728b)  -> (artifact id: '12847d8b1b45579bebacc56e9993dd8e') in 0.438363 seconds 
  Import took 0.445567 seconds .

========================================================================
Received Import Request.
  Time since last request: 0.000574 seconds.
  path: Assets/UI pack/Fonts/ProductSans-Regular.ttf
  artifactKey: Guid(a4f32b2c8e673a441a4a26270fe53e05) Importer(815301076,1909f56bfc062723c751e8b465ee728b)
Start importing Assets/UI pack/Fonts/ProductSans-Regular.ttf using Guid(a4f32b2c8e673a441a4a26270fe53e05) Importer(815301076,1909f56bfc062723c751e8b465ee728b)  -> (artifact id: 'b7f2ef3848435c49b0875545af53fb9b') in 0.034726 seconds 
  Import took 0.038759 seconds .

========================================================================
Received Import Request.
  Time since last request: 0.000316 seconds.
  path: Assets/UI pack/Fonts/Roboto-Thin.ttf
  artifactKey: Guid(4ec97b8fea68bd144a1413dc60231502) Importer(815301076,1909f56bfc062723c751e8b465ee728b)
Start importing Assets/UI pack/Fonts/Roboto-Thin.ttf using Guid(4ec97b8fea68bd144a1413dc60231502) Importer(815301076,1909f56bfc062723c751e8b465ee728b)  -> (artifact id: '46bc463acda8b565ce2b88b3e14dfdab') in 0.037172 seconds 
  Import took 0.044294 seconds .

========================================================================
Received Import Request.
  Time since last request: 4.546299 seconds.
  path: Assets/UI pack/Button
  artifactKey: Guid(5440ba8d47ee3d8428b8d141f3434d5d) Importer(815301076,1909f56bfc062723c751e8b465ee728b)
Start importing Assets/UI pack/Button using Guid(5440ba8d47ee3d8428b8d141f3434d5d) Importer(815301076,1909f56bfc062723c751e8b465ee728b)  -> (artifact id: '29d0b23c3d82fc8b4468ca0b76aaea6d') in 0.017639 seconds 
  Import took 0.030233 seconds .

========================================================================
Received Import Request.
  Time since last request: 0.076160 seconds.
  path: Assets/UI pack/Button/Blue gradient.png
  artifactKey: Guid(60cfd84ae231a4943b3f0f6cf0dcf409) Importer(815301076,1909f56bfc062723c751e8b465ee728b)
Start importing Assets/UI pack/Button/Blue gradient.png using Guid(60cfd84ae231a4943b3f0f6cf0dcf409) Importer(815301076,1909f56bfc062723c751e8b465ee728b)  -> (artifact id: '541bdba8fb3af3e975a02531e4d081dc') in 0.362186 seconds 
  Import took 0.368825 seconds .

========================================================================
Received Import Request.
  Time since last request: 0.000508 seconds.
  path: Assets/UI pack/Button/Green gradient.png
  artifactKey: Guid(040be0e474e09894ca320b08d9462cc8) Importer(815301076,1909f56bfc062723c751e8b465ee728b)
Start importing Assets/UI pack/Button/Green gradient.png using Guid(040be0e474e09894ca320b08d9462cc8) Importer(815301076,1909f56bfc062723c751e8b465ee728b)  -> (artifact id: '80eed7d5d4529e3a3346650315d3dbec') in 0.036632 seconds 
  Import took 0.042210 seconds .

========================================================================
Received Import Request.
  Time since last request: 0.000275 seconds.
  path: Assets/UI pack/Button/Orange gradient.png
  artifactKey: Guid(1258ac417dd158a48b05eeedb739c469) Importer(815301076,1909f56bfc062723c751e8b465ee728b)
Start importing Assets/UI pack/Button/Orange gradient.png using Guid(1258ac417dd158a48b05eeedb739c469) Importer(815301076,1909f56bfc062723c751e8b465ee728b)  -> (artifact id: 'b404f30fd6a9f953ae94b7dff72d2d60') in 0.068938 seconds 
  Import took 0.077213 seconds .

========================================================================
Received Import Request.
  Time since last request: 0.000682 seconds.
  path: Assets/UI pack/Button/Red gradient.png
  artifactKey: Guid(28c51f93b6260224c867f45f411a0e85) Importer(815301076,1909f56bfc062723c751e8b465ee728b)
Start importing Assets/UI pack/Button/Red gradient.png using Guid(28c51f93b6260224c867f45f411a0e85) Importer(815301076,1909f56bfc062723c751e8b465ee728b)  -> (artifact id: '66cce1990deb0690a053ff0822f76b89') in 0.059058 seconds 
  Import took 0.066228 seconds .

========================================================================
Received Import Request.
  Time since last request: 0.000393 seconds.
  path: Assets/UI pack/Button/Blue outline gradient.png
  artifactKey: Guid(7179ab86b28b8184e8b74e3a0b7fa821) Importer(815301076,1909f56bfc062723c751e8b465ee728b)
Start importing Assets/UI pack/Button/Blue outline gradient.png using Guid(7179ab86b28b8184e8b74e3a0b7fa821) Importer(815301076,1909f56bfc062723c751e8b465ee728b)  -> (artifact id: '519caf4a69181ec7b7d10962815469b9') in 0.027261 seconds 
  Import took 0.032557 seconds .

========================================================================
Received Import Request.
  Time since last request: 0.000305 seconds.
  path: Assets/UI pack/Button/Red outline gradient.png
  artifactKey: Guid(d856e7dd0e8555f4fb29db6352b3a822) Importer(815301076,1909f56bfc062723c751e8b465ee728b)
Start importing Assets/UI pack/Button/Red outline gradient.png using Guid(d856e7dd0e8555f4fb29db6352b3a822) Importer(815301076,1909f56bfc062723c751e8b465ee728b)  -> (artifact id: '49ffd9943129819fc3931e6ac5e56712') in 0.036568 seconds 
  Import took 0.040777 seconds .

========================================================================
Received Import Request.
  Time since last request: 0.000384 seconds.
  path: Assets/UI pack/Button/Green outline gradient.png
  artifactKey: Guid(f9f25bb6be8733f4894d60fe54097b1d) Importer(815301076,1909f56bfc062723c751e8b465ee728b)
Start importing Assets/UI pack/Button/Green outline gradient.png using Guid(f9f25bb6be8733f4894d60fe54097b1d) Importer(815301076,1909f56bfc062723c751e8b465ee728b)  -> (artifact id: '3bca1798ea8fee3e6b60fdee09df7bc8') in 0.041128 seconds 
  Import took 0.048181 seconds .

========================================================================
Received Import Request.
  Time since last request: 2.816542 seconds.
  path: Assets/UI pack/Circles/Circle blue .png
  artifactKey: Guid(a891673d61eb8784694e209367c6f79d) Importer(815301076,1909f56bfc062723c751e8b465ee728b)
Start importing Assets/UI pack/Circles/Circle blue .png using Guid(a891673d61eb8784694e209367c6f79d) Importer(815301076,1909f56bfc062723c751e8b465ee728b)  -> (artifact id: '20644dbf2ad5743abf83b46c86127514') in 0.058395 seconds 
  Import took 0.069094 seconds .

========================================================================
Received Import Request.
  Time since last request: 0.000490 seconds.
  path: Assets/UI pack/Circles/Circle blue full.png
  artifactKey: Guid(e019cd8c6a958a74bb226a0fd85030d6) Importer(815301076,1909f56bfc062723c751e8b465ee728b)
Start importing Assets/UI pack/Circles/Circle blue full.png using Guid(e019cd8c6a958a74bb226a0fd85030d6) Importer(815301076,1909f56bfc062723c751e8b465ee728b)  -> (artifact id: '12c0e14c4a309b57d73d0984e8cb574f') in 0.040456 seconds 
  Import took 0.046400 seconds .

========================================================================
Received Import Request.
  Time since last request: 0.000441 seconds.
  path: Assets/UI pack/Circles/Circle green.png
  artifactKey: Guid(07d868e0fd2a23942bd04c6dffb76ed7) Importer(815301076,1909f56bfc062723c751e8b465ee728b)
Start importing Assets/UI pack/Circles/Circle green.png using Guid(07d868e0fd2a23942bd04c6dffb76ed7) Importer(815301076,1909f56bfc062723c751e8b465ee728b)  -> (artifact id: 'd8f2fe83d9477ea9dce06e4534835db3') in 0.058108 seconds 
  Import took 0.065684 seconds .

========================================================================
Received Import Request.
  Time since last request: 0.000905 seconds.
  path: Assets/UI pack/Circles/Circle yellow.png
  artifactKey: Guid(dbbf60cd0fb781e43aaac34dd180e356) Importer(815301076,1909f56bfc062723c751e8b465ee728b)
Start importing Assets/UI pack/Circles/Circle yellow.png using Guid(dbbf60cd0fb781e43aaac34dd180e356) Importer(815301076,1909f56bfc062723c751e8b465ee728b)  -> (artifact id: '6f4f420fd064b81a5e6eb29a26faa261') in 0.054608 seconds 
  Import took 0.061522 seconds .

========================================================================
Received Import Request.
  Time since last request: 0.000784 seconds.
  path: Assets/UI pack/Circles/Circle red full.png
  artifactKey: Guid(64f5428e485e0204db94d129eab4847f) Importer(815301076,1909f56bfc062723c751e8b465ee728b)
Start importing Assets/UI pack/Circles/Circle red full.png using Guid(64f5428e485e0204db94d129eab4847f) Importer(815301076,1909f56bfc062723c751e8b465ee728b)  -> (artifact id: '40a82a4d34337b020dd33ec8f76c029a') in 0.031634 seconds 
  Import took 0.038562 seconds .

========================================================================
Received Import Request.
  Time since last request: 0.000456 seconds.
  path: Assets/UI pack/Circles/Gradient circle.png
  artifactKey: Guid(7e47ad0249396044b852122a53251bb8) Importer(815301076,1909f56bfc062723c751e8b465ee728b)
Start importing Assets/UI pack/Circles/Gradient circle.png using Guid(7e47ad0249396044b852122a53251bb8) Importer(815301076,1909f56bfc062723c751e8b465ee728b)  -> (artifact id: '8c741e6e5965b8ec071c47d77326904a') in 0.035714 seconds 
  Import took 0.042033 seconds .

========================================================================
Received Import Request.
  Time since last request: 0.000637 seconds.
  path: Assets/UI pack/Circles/Circle green full.png
  artifactKey: Guid(ce8637774427361428d758c6c49d138b) Importer(815301076,1909f56bfc062723c751e8b465ee728b)
Start importing Assets/UI pack/Circles/Circle green full.png using Guid(ce8637774427361428d758c6c49d138b) Importer(815301076,1909f56bfc062723c751e8b465ee728b)  -> (artifact id: 'c43fc60b268c9df670f5a03d8a232b57') in 0.046452 seconds 
  Import took 0.055493 seconds .

========================================================================
Received Import Request.
  Time since last request: 20.753660 seconds.
  path: Assets/UI pack/Icons/Bolt colored.png
  artifactKey: Guid(25887e1e767bc774e9a24997a9343056) Importer(815301076,1909f56bfc062723c751e8b465ee728b)
Start importing Assets/UI pack/Icons/Bolt colored.png using Guid(25887e1e767bc774e9a24997a9343056) Importer(815301076,1909f56bfc062723c751e8b465ee728b)  -> (artifact id: 'c158b65fea7fe9fdddeee3afdcca552b') in 0.036409 seconds 
  Import took 0.044391 seconds .

========================================================================
Received Import Request.
  Time since last request: 0.000409 seconds.
  path: Assets/UI pack/Icons/bolt.png
  artifactKey: Guid(bfd7f2d02bcb369458540a3a6e2cea7f) Importer(815301076,1909f56bfc062723c751e8b465ee728b)
Start importing Assets/UI pack/Icons/bolt.png using Guid(bfd7f2d02bcb369458540a3a6e2cea7f) Importer(815301076,1909f56bfc062723c751e8b465ee728b)  -> (artifact id: '11e8b8e459bd7af18eb3ba780c300f69') in 0.038631 seconds 
  Import took 0.047328 seconds .

========================================================================
Received Import Request.
  Time since last request: 0.000479 seconds.
  path: Assets/UI pack/Icons/Heart.png
  artifactKey: Guid(54af60d343d3e3b458ad7e97dd60dd04) Importer(815301076,1909f56bfc062723c751e8b465ee728b)
Start importing Assets/UI pack/Icons/Heart.png using Guid(54af60d343d3e3b458ad7e97dd60dd04) Importer(815301076,1909f56bfc062723c751e8b465ee728b)  -> (artifact id: '388a2287344e4dd5e4d8ccab28c7ea32') in 0.036229 seconds 
  Import took 0.045353 seconds .

========================================================================
Received Import Request.
  Time since last request: 0.000720 seconds.
  path: Assets/UI pack/Icons/Healthbar.png
  artifactKey: Guid(1b289ca454f3cdf4ca785ab70305a4ad) Importer(815301076,1909f56bfc062723c751e8b465ee728b)
Start importing Assets/UI pack/Icons/Healthbar.png using Guid(1b289ca454f3cdf4ca785ab70305a4ad) Importer(815301076,1909f56bfc062723c751e8b465ee728b)  -> (artifact id: '490e6d3cfaf843c33deab86276891a01') in 0.044310 seconds 
  Import took 0.054965 seconds .

========================================================================
Received Import Request.
  Time since last request: 5.573853 seconds.
  path: Assets/UI pack/Prefabs/Sliders
  artifactKey: Guid(e54c7ee973230344389856678bbe309a) Importer(815301076,1909f56bfc062723c751e8b465ee728b)
Start importing Assets/UI pack/Prefabs/Sliders using Guid(e54c7ee973230344389856678bbe309a) Importer(815301076,1909f56bfc062723c751e8b465ee728b)  -> (artifact id: '92e5bbb706f04a9f01325707ae1b0911') in 0.011487 seconds 
  Import took 0.021275 seconds .

========================================================================
Received Import Request.
  Time since last request: 0.100541 seconds.
  path: Assets/UI pack/Prefabs/Sliders/Blue slider.prefab
  artifactKey: Guid(ac3e432dbbc921f4f8a12e70291e5358) Importer(815301076,1909f56bfc062723c751e8b465ee728b)
Start importing Assets/UI pack/Prefabs/Sliders/Blue slider.prefab using Guid(ac3e432dbbc921f4f8a12e70291e5358) Importer(815301076,1909f56bfc062723c751e8b465ee728b)  -> (artifact id: 'a250f562cefd5ad6ecbcae1ab2beca5b') in 0.083199 seconds 
  Import took 0.089054 seconds .

========================================================================
Received Import Request.
  Time since last request: 0.000578 seconds.
  path: Assets/UI pack/Prefabs/Sliders/Green slider.prefab
  artifactKey: Guid(09bcacd45e09c4a4a9368232ae4485f1) Importer(815301076,1909f56bfc062723c751e8b465ee728b)
Start importing Assets/UI pack/Prefabs/Sliders/Green slider.prefab using Guid(09bcacd45e09c4a4a9368232ae4485f1) Importer(815301076,1909f56bfc062723c751e8b465ee728b)  -> (artifact id: 'f44ec9b6bf5244d08780de83e53f1f03') in 0.021282 seconds 
  Import took 0.028510 seconds .

========================================================================
Received Import Request.
  Time since last request: 0.000610 seconds.
  path: Assets/UI pack/Prefabs/Sliders/Red slider.prefab
  artifactKey: Guid(ca3f44c2efae4dd418e0fbffc0eb5071) Importer(815301076,1909f56bfc062723c751e8b465ee728b)
Start importing Assets/UI pack/Prefabs/Sliders/Red slider.prefab using Guid(ca3f44c2efae4dd418e0fbffc0eb5071) Importer(815301076,1909f56bfc062723c751e8b465ee728b)  -> (artifact id: '4cc301fdf9722d514fed2f628790d60e') in 0.025387 seconds 
  Import took 0.035886 seconds .

========================================================================
Received Prepare
Registering precompiled user dll's ...
Registered in 0.037589 seconds.
Begin MonoManager ReloadAssembly
Native extension for WindowsStandalone target not found
Refreshing native plugins compatible for Editor in 0.39 ms, found 2 plugins.
Preloading 0 native plugins for Editor in 0.00 ms.
Mono: successfully reloaded assembly
- Completed reload, in  3.060 seconds
Domain Reload Profiling:
	ReloadAssembly (3061ms)
		BeginReloadAssembly (450ms)
			ExecutionOrderSort (0ms)
			DisableScriptedObjects (12ms)
			BackupInstance (0ms)
			ReleaseScriptingObjects (0ms)
			CreateAndSetChildDomain (133ms)
		EndReloadAssembly (2415ms)
			LoadAssemblies (398ms)
			RebuildTransferFunctionScriptingTraits (0ms)
			SetupTypeCache (991ms)
			ReleaseScriptCaches (3ms)
			RebuildScriptCaches (135ms)
			SetupLoadedEditorAssemblies (730ms)
				LogAssemblyErrors (0ms)
				InitializePlatformSupportModulesInManaged (4ms)
				SetLoadedEditorAssemblies (1ms)
				RefreshPlugins (0ms)
				BeforeProcessingInitializeOnLoad (142ms)
				ProcessInitializeOnLoadAttributes (550ms)
				ProcessInitializeOnLoadMethodAttributes (23ms)
				AfterProcessingInitializeOnLoad (9ms)
				EditorAssembliesLoaded (1ms)
			ExecutionOrderSort2 (0ms)
			AwakeInstancesAfterBackupRestoration (18ms)
Platform modules already initialized, skipping
Refreshing native plugins compatible for Editor in 0.42 ms, found 2 plugins.
Preloading 0 native plugins for Editor in 0.00 ms.
Unloading 1493 Unused Serialized files (Serialized files now loaded: 0)
System memory in use before: 70.8 MB.
System memory in use after: 70.9 MB.

Unloading 14 unused Assets to reduce memory usage. Loaded Objects now: 1982.
Total: 3.704500 ms (FindLiveObjects: 0.143600 ms CreateObjectMapping: 0.048600 ms MarkObjects: 3.478300 ms  DeleteObjects: 0.029500 ms)

AssetImportParameters requested are different than current active one (requested -> active):
  custom:framework-win-MediaFoundation: 216162199b28c13a410421893ffa2e32 -> 
  custom:video-decoder-ogg-theora: a1e56fd34408186e4bbccfd4996cb3dc -> 
  custom:container-muxer-webm: aa71ff27fc2769a1b78a27578f13a17b -> 
  custom:container-demuxer-webm: 4f35f7cbe854078d1ac9338744f61a02 -> 
  custom:container-demuxer-ogg: 62fdf1f143b41e24485cea50d1cbac27 -> 
  custom:video-encoder-webm-vp8: eb34c28f22e8b96e1ab97ce403110664 -> 
  custom:video-codec-MediaFoundation-h265: 746d11721c4dcdbdad8f713fa42b33f4 -> 
  custom:video-decoder-webm-vp8: 9c59270c3fd7afecdb556c50c9e8de78 -> 
  custom:audio-decoder-ogg-vorbis: bf7c407c2cedff20999df2af8eb42d56 -> 
  custom:audio-encoder-webm-vorbis: bf7c407c2cedff20999df2af8eb42d56 -> 
========================================================================
Received Import Request.
  Time since last request: 832.195641 seconds.
  path: Assets/UI pack/Prefabs/Bars/Blue circular bar.prefab
  artifactKey: Guid(ad6c23b1951528a47bbb4c7c04c98388) Importer(815301076,1909f56bfc062723c751e8b465ee728b)
Start importing Assets/UI pack/Prefabs/Bars/Blue circular bar.prefab using Guid(ad6c23b1951528a47bbb4c7c04c98388) Importer(815301076,1909f56bfc062723c751e8b465ee728b)  -> (artifact id: '6987c20614c04f61db76f4b046d48956') in 0.073163 seconds 
  Import took 0.079854 seconds .

========================================================================
Received Import Request.
  Time since last request: 0.000385 seconds.
  path: Assets/UI pack/Prefabs/Bars/Green circular bar full.prefab
  artifactKey: Guid(452f681fcc69a0d408b78f6e9cc1ffa1) Importer(815301076,1909f56bfc062723c751e8b465ee728b)
Start importing Assets/UI pack/Prefabs/Bars/Green circular bar full.prefab using Guid(452f681fcc69a0d408b78f6e9cc1ffa1) Importer(815301076,1909f56bfc062723c751e8b465ee728b)  -> (artifact id: 'a1196703c79523e271a654cf4e843c33') in 0.026838 seconds 
  Import took 0.033529 seconds .

========================================================================
Received Import Request.
  Time since last request: 0.000581 seconds.
  path: Assets/UI pack/Prefabs/Bars/HealthBar.prefab
  artifactKey: Guid(17cbc357bf20de74485f5f5d54b77b72) Importer(815301076,1909f56bfc062723c751e8b465ee728b)
Start importing Assets/UI pack/Prefabs/Bars/HealthBar.prefab using Guid(17cbc357bf20de74485f5f5d54b77b72) Importer(815301076,1909f56bfc062723c751e8b465ee728b)  -> (artifact id: '8eb225ebf7c5be331a26318808cadd6f') in 0.047490 seconds 
  Import took 0.053074 seconds .

========================================================================
Received Import Request.
  Time since last request: 0.000454 seconds.
  path: Assets/UI pack/Prefabs/Bars/Level bar.prefab
  artifactKey: Guid(ddaa26dc51f6db44fb273577d4f0e905) Importer(815301076,1909f56bfc062723c751e8b465ee728b)
Start importing Assets/UI pack/Prefabs/Bars/Level bar.prefab using Guid(ddaa26dc51f6db44fb273577d4f0e905) Importer(815301076,1909f56bfc062723c751e8b465ee728b)  -> (artifact id: '542509e945b3d9633f89f1f656b01695') in 0.032069 seconds 
  Import took 0.038512 seconds .

========================================================================
Received Import Request.
  Time since last request: 0.000405 seconds.
  path: Assets/UI pack/Prefabs/Bars/Energy bar.prefab
  artifactKey: Guid(2b7b3dcea034b7b4183c1ed6a4001881) Importer(815301076,1909f56bfc062723c751e8b465ee728b)
Start importing Assets/UI pack/Prefabs/Bars/Energy bar.prefab using Guid(2b7b3dcea034b7b4183c1ed6a4001881) Importer(815301076,1909f56bfc062723c751e8b465ee728b)  -> (artifact id: '1b91f03bdeeaf52db3f49a7a22888dc5') in 0.021850 seconds 
  Import took 0.029765 seconds .

========================================================================
Received Import Request.
  Time since last request: 0.000594 seconds.
  path: Assets/UI pack/Prefabs/Bars/Red circular bar.prefab
  artifactKey: Guid(50b45ee32b55a7845a24f4d5c8194db1) Importer(815301076,1909f56bfc062723c751e8b465ee728b)
Start importing Assets/UI pack/Prefabs/Bars/Red circular bar.prefab using Guid(50b45ee32b55a7845a24f4d5c8194db1) Importer(815301076,1909f56bfc062723c751e8b465ee728b)  -> (artifact id: '4e14d00c95c9ae742431b908a205ae67') in 0.023252 seconds 
  Import took 0.031335 seconds .

========================================================================
Received Import Request.
  Time since last request: 0.000562 seconds.
  path: Assets/UI pack/Prefabs/Bars/Health bar.prefab
  artifactKey: Guid(dc06b439cbbc6b0409964c1fa7e9a12a) Importer(815301076,1909f56bfc062723c751e8b465ee728b)
Start importing Assets/UI pack/Prefabs/Bars/Health bar.prefab using Guid(dc06b439cbbc6b0409964c1fa7e9a12a) Importer(815301076,1909f56bfc062723c751e8b465ee728b)  -> (artifact id: 'ec1e545a0ca3b715177ea3bf98acbb17') in 0.029406 seconds 
  Import took 0.036864 seconds .

========================================================================
Received Import Request.
  Time since last request: 0.000449 seconds.
  path: Assets/UI pack/Prefabs/Bars/Circle Green.prefab
  artifactKey: Guid(ef0e924a04b82674ca699e6ff30af008) Importer(815301076,1909f56bfc062723c751e8b465ee728b)
Start importing Assets/UI pack/Prefabs/Bars/Circle Green.prefab using Guid(ef0e924a04b82674ca699e6ff30af008) Importer(815301076,1909f56bfc062723c751e8b465ee728b)  -> (artifact id: 'c12df60c5995720c2a9d5217ee10d5fb') in 0.025954 seconds 
  Import took 0.034256 seconds .

========================================================================
Received Prepare
Registering precompiled user dll's ...
Registered in 0.020479 seconds.
Begin MonoManager ReloadAssembly
Native extension for WindowsStandalone target not found
Refreshing native plugins compatible for Editor in 0.34 ms, found 2 plugins.
Preloading 0 native plugins for Editor in 0.00 ms.
Mono: successfully reloaded assembly
- Completed reload, in  1.556 seconds
Domain Reload Profiling:
	ReloadAssembly (1557ms)
		BeginReloadAssembly (188ms)
			ExecutionOrderSort (0ms)
			DisableScriptedObjects (9ms)
			BackupInstance (0ms)
			ReleaseScriptingObjects (0ms)
			CreateAndSetChildDomain (48ms)
		EndReloadAssembly (1284ms)
			LoadAssemblies (180ms)
			RebuildTransferFunctionScriptingTraits (0ms)
			SetupTypeCache (585ms)
			ReleaseScriptCaches (1ms)
			RebuildScriptCaches (58ms)
			SetupLoadedEditorAssemblies (360ms)
				LogAssemblyErrors (0ms)
				InitializePlatformSupportModulesInManaged (5ms)
				SetLoadedEditorAssemblies (1ms)
				RefreshPlugins (0ms)
				BeforeProcessingInitializeOnLoad (82ms)
				ProcessInitializeOnLoadAttributes (251ms)
				ProcessInitializeOnLoadMethodAttributes (15ms)
				AfterProcessingInitializeOnLoad (6ms)
				EditorAssembliesLoaded (0ms)
			ExecutionOrderSort2 (0ms)
			AwakeInstancesAfterBackupRestoration (10ms)
Platform modules already initialized, skipping
Refreshing native plugins compatible for Editor in 0.40 ms, found 2 plugins.
Preloading 0 native plugins for Editor in 0.00 ms.
Unloading 1494 Unused Serialized files (Serialized files now loaded: 0)
System memory in use before: 70.9 MB.
System memory in use after: 71.0 MB.

Unloading 14 unused Assets to reduce memory usage. Loaded Objects now: 1985.
Total: 3.188600 ms (FindLiveObjects: 0.157500 ms CreateObjectMapping: 0.078200 ms MarkObjects: 2.878500 ms  DeleteObjects: 0.073000 ms)

AssetImportParameters requested are different than current active one (requested -> active):
  custom:framework-win-MediaFoundation: 216162199b28c13a410421893ffa2e32 -> 
  custom:video-decoder-ogg-theora: a1e56fd34408186e4bbccfd4996cb3dc -> 
  custom:container-muxer-webm: aa71ff27fc2769a1b78a27578f13a17b -> 
  custom:container-demuxer-webm: 4f35f7cbe854078d1ac9338744f61a02 -> 
  custom:container-demuxer-ogg: 62fdf1f143b41e24485cea50d1cbac27 -> 
  custom:video-encoder-webm-vp8: eb34c28f22e8b96e1ab97ce403110664 -> 
  custom:video-codec-MediaFoundation-h265: 746d11721c4dcdbdad8f713fa42b33f4 -> 
  custom:video-decoder-webm-vp8: 9c59270c3fd7afecdb556c50c9e8de78 -> 
  custom:audio-decoder-ogg-vorbis: bf7c407c2cedff20999df2af8eb42d56 -> 
  custom:audio-encoder-webm-vorbis: bf7c407c2cedff20999df2af8eb42d56 -> 
========================================================================
Received Import Request.
  Time since last request: 28811.706419 seconds.
  path: Assets/Scenes/NewBehaviourScript.cs
  artifactKey: Guid(54bac5bba379fbf4d9fd730df1a4761e) Importer(815301076,1909f56bfc062723c751e8b465ee728b)
Start importing Assets/Scenes/NewBehaviourScript.cs using Guid(54bac5bba379fbf4d9fd730df1a4761e) Importer(815301076,1909f56bfc062723c751e8b465ee728b)  -> (artifact id: '71a6dab6443b794fbc8e30dfa6451689') in 0.065033 seconds 
  Import took 0.069410 seconds .

========================================================================
Received Prepare
Registering precompiled user dll's ...
Registered in 0.029145 seconds.
Begin MonoManager ReloadAssembly
Native extension for WindowsStandalone target not found
Refreshing native plugins compatible for Editor in 0.46 ms, found 2 plugins.
Preloading 0 native plugins for Editor in 0.00 ms.
Mono: successfully reloaded assembly
- Completed reload, in  2.287 seconds
Domain Reload Profiling:
	ReloadAssembly (2303ms)
		BeginReloadAssembly (471ms)
			ExecutionOrderSort (0ms)
			DisableScriptedObjects (54ms)
			BackupInstance (0ms)
			ReleaseScriptingObjects (0ms)
			CreateAndSetChildDomain (208ms)
		EndReloadAssembly (1675ms)
			LoadAssemblies (223ms)
			RebuildTransferFunctionScriptingTraits (0ms)
			SetupTypeCache (646ms)
			ReleaseScriptCaches (1ms)
			RebuildScriptCaches (73ms)
			SetupLoadedEditorAssemblies (534ms)
				LogAssemblyErrors (0ms)
				InitializePlatformSupportModulesInManaged (13ms)
				SetLoadedEditorAssemblies (1ms)
				RefreshPlugins (1ms)
				BeforeProcessingInitializeOnLoad (126ms)
				ProcessInitializeOnLoadAttributes (370ms)
				ProcessInitializeOnLoadMethodAttributes (16ms)
				AfterProcessingInitializeOnLoad (6ms)
				EditorAssembliesLoaded (1ms)
			ExecutionOrderSort2 (0ms)
			AwakeInstancesAfterBackupRestoration (12ms)
Platform modules already initialized, skipping
Refreshing native plugins compatible for Editor in 0.48 ms, found 2 plugins.
Preloading 0 native plugins for Editor in 0.00 ms.
Unloading 1494 Unused Serialized files (Serialized files now loaded: 0)
System memory in use before: 70.8 MB.
System memory in use after: 70.9 MB.

Unloading 14 unused Assets to reduce memory usage. Loaded Objects now: 1987.
Total: 5.498800 ms (FindLiveObjects: 0.338400 ms CreateObjectMapping: 0.131200 ms MarkObjects: 4.974300 ms  DeleteObjects: 0.051800 ms)

AssetImportParameters requested are different than current active one (requested -> active):
  custom:framework-win-MediaFoundation: 216162199b28c13a410421893ffa2e32 -> 
  custom:video-decoder-ogg-theora: a1e56fd34408186e4bbccfd4996cb3dc -> 
  custom:container-muxer-webm: aa71ff27fc2769a1b78a27578f13a17b -> 
  custom:container-demuxer-webm: 4f35f7cbe854078d1ac9338744f61a02 -> 
  custom:container-demuxer-ogg: 62fdf1f143b41e24485cea50d1cbac27 -> 
  custom:video-encoder-webm-vp8: eb34c28f22e8b96e1ab97ce403110664 -> 
  custom:video-codec-MediaFoundation-h265: 746d11721c4dcdbdad8f713fa42b33f4 -> 
  custom:video-decoder-webm-vp8: 9c59270c3fd7afecdb556c50c9e8de78 -> 
  custom:audio-decoder-ogg-vorbis: bf7c407c2cedff20999df2af8eb42d56 -> 
  custom:audio-encoder-webm-vorbis: bf7c407c2cedff20999df2af8eb42d56 -> 
========================================================================
Received Prepare
Registering precompiled user dll's ...
Registered in 0.078594 seconds.
Begin MonoManager ReloadAssembly
Native extension for WindowsStandalone target not found
Refreshing native plugins compatible for Editor in 0.83 ms, found 2 plugins.
Preloading 0 native plugins for Editor in 0.00 ms.
Mono: successfully reloaded assembly
- Completed reload, in  4.419 seconds
Domain Reload Profiling:
	ReloadAssembly (4421ms)
		BeginReloadAssembly (589ms)
			ExecutionOrderSort (0ms)
			DisableScriptedObjects (26ms)
			BackupInstance (0ms)
			ReleaseScriptingObjects (0ms)
			CreateAndSetChildDomain (147ms)
		EndReloadAssembly (3547ms)
			LoadAssemblies (563ms)
			RebuildTransferFunctionScriptingTraits (0ms)
			SetupTypeCache (1611ms)
			ReleaseScriptCaches (5ms)
			RebuildScriptCaches (224ms)
			SetupLoadedEditorAssemblies (763ms)
				LogAssemblyErrors (0ms)
				InitializePlatformSupportModulesInManaged (14ms)
				SetLoadedEditorAssemblies (2ms)
				RefreshPlugins (1ms)
				BeforeProcessingInitializeOnLoad (229ms)
				ProcessInitializeOnLoadAttributes (485ms)
				ProcessInitializeOnLoadMethodAttributes (21ms)
				AfterProcessingInitializeOnLoad (10ms)
				EditorAssembliesLoaded (1ms)
			ExecutionOrderSort2 (0ms)
			AwakeInstancesAfterBackupRestoration (13ms)
Platform modules already initialized, skipping
Refreshing native plugins compatible for Editor in 0.65 ms, found 2 plugins.
Preloading 0 native plugins for Editor in 0.00 ms.
Unloading 1494 Unused Serialized files (Serialized files now loaded: 0)
System memory in use before: 70.9 MB.
System memory in use after: 71.0 MB.

Unloading 14 unused Assets to reduce memory usage. Loaded Objects now: 1989.
Total: 7.387700 ms (FindLiveObjects: 0.404900 ms CreateObjectMapping: 0.154500 ms MarkObjects: 6.778500 ms  DeleteObjects: 0.046200 ms)

AssetImportParameters requested are different than current active one (requested -> active):
  custom:framework-win-MediaFoundation: 216162199b28c13a410421893ffa2e32 -> 
  custom:video-decoder-ogg-theora: a1e56fd34408186e4bbccfd4996cb3dc -> 
  custom:container-muxer-webm: aa71ff27fc2769a1b78a27578f13a17b -> 
  custom:container-demuxer-webm: 4f35f7cbe854078d1ac9338744f61a02 -> 
  custom:container-demuxer-ogg: 62fdf1f143b41e24485cea50d1cbac27 -> 
  custom:video-encoder-webm-vp8: eb34c28f22e8b96e1ab97ce403110664 -> 
  custom:video-codec-MediaFoundation-h265: 746d11721c4dcdbdad8f713fa42b33f4 -> 
  custom:video-decoder-webm-vp8: 9c59270c3fd7afecdb556c50c9e8de78 -> 
  custom:audio-decoder-ogg-vorbis: bf7c407c2cedff20999df2af8eb42d56 -> 
  custom:audio-encoder-webm-vorbis: bf7c407c2cedff20999df2af8eb42d56 -> 
========================================================================
Received Import Request.
  Time since last request: 3337.747455 seconds.
  path: Assets/UI pack/Prefabs/Buttons/Button blue.prefab
  artifactKey: Guid(8eb62d6f64a2c0d418e8d612e6d1e79b) Importer(815301076,1909f56bfc062723c751e8b465ee728b)
Start importing Assets/UI pack/Prefabs/Buttons/Button blue.prefab using Guid(8eb62d6f64a2c0d418e8d612e6d1e79b) Importer(815301076,1909f56bfc062723c751e8b465ee728b)  -> (artifact id: '531857572d630dbe43b605d01b95926b') in 0.255311 seconds 
  Import took 0.266045 seconds .

========================================================================
Received Import Request.
  Time since last request: 0.001215 seconds.
  path: Assets/UI pack/Prefabs/Buttons/Sign in button Google.prefab
  artifactKey: Guid(9de07e9342c685b41af90a8bbe422aa9) Importer(815301076,1909f56bfc062723c751e8b465ee728b)
Start importing Assets/UI pack/Prefabs/Buttons/Sign in button Google.prefab using Guid(9de07e9342c685b41af90a8bbe422aa9) Importer(815301076,1909f56bfc062723c751e8b465ee728b)  -> (artifact id: 'cafd0c94fa9fafb923a4db944e363eec') in 0.016337 seconds 
  Import took 0.021304 seconds .

========================================================================
Received Import Request.
  Time since last request: 0.000443 seconds.
  path: Assets/UI pack/Prefabs/Buttons/Button Red.prefab
  artifactKey: Guid(c354ea71afdcf884f82fa00beb0d53d7) Importer(815301076,1909f56bfc062723c751e8b465ee728b)
Start importing Assets/UI pack/Prefabs/Buttons/Button Red.prefab using Guid(c354ea71afdcf884f82fa00beb0d53d7) Importer(815301076,1909f56bfc062723c751e8b465ee728b)  -> (artifact id: '8b013e0aa21950a5fa3ea55a8c51a0e6') in 0.023776 seconds 
  Import took 0.030058 seconds .

========================================================================
Received Import Request.
  Time since last request: 0.000263 seconds.
  path: Assets/UI pack/Prefabs/Buttons/Sign in button .prefab
  artifactKey: Guid(c500d241383cb7b409797d64f444e354) Importer(815301076,1909f56bfc062723c751e8b465ee728b)
Start importing Assets/UI pack/Prefabs/Buttons/Sign in button .prefab using Guid(c500d241383cb7b409797d64f444e354) Importer(815301076,1909f56bfc062723c751e8b465ee728b)  -> (artifact id: '7f9ddb44a4c8d1a3e2fcebc07f195d90') in 0.017627 seconds 
  Import took 0.032447 seconds .

========================================================================
Received Import Request.
  Time since last request: 0.000230 seconds.
  path: Assets/UI pack/Prefabs/Buttons/Button Green Outline.prefab
  artifactKey: Guid(676614c30efe6fc4b82edb9eddfa3ad6) Importer(815301076,1909f56bfc062723c751e8b465ee728b)
Start importing Assets/UI pack/Prefabs/Buttons/Button Green Outline.prefab using Guid(676614c30efe6fc4b82edb9eddfa3ad6) Importer(815301076,1909f56bfc062723c751e8b465ee728b)  -> (artifact id: '238e98711600fd0c890f33cc72fd4571') in 0.013143 seconds 
  Import took 0.019331 seconds .

========================================================================
Received Import Request.
  Time since last request: 0.000657 seconds.
  path: Assets/UI pack/Prefabs/Buttons/Sign in button Facebook.prefab
  artifactKey: Guid(e457c2c697962634386b2bad9b704081) Importer(815301076,1909f56bfc062723c751e8b465ee728b)
Start importing Assets/UI pack/Prefabs/Buttons/Sign in button Facebook.prefab using Guid(e457c2c697962634386b2bad9b704081) Importer(815301076,1909f56bfc062723c751e8b465ee728b)  -> (artifact id: '493555a6aebfc371315d1ad08da2bd80') in 0.016248 seconds 
  Import took 0.021143 seconds .

========================================================================
Received Import Request.
  Time since last request: 0.000594 seconds.
  path: Assets/UI pack/Prefabs/Buttons/Button Green.prefab
  artifactKey: Guid(2b00e6d0b305f144fb9ed47dfab82c20) Importer(815301076,1909f56bfc062723c751e8b465ee728b)
Start importing Assets/UI pack/Prefabs/Buttons/Button Green.prefab using Guid(2b00e6d0b305f144fb9ed47dfab82c20) Importer(815301076,1909f56bfc062723c751e8b465ee728b)  -> (artifact id: '4501253bed86cd1d3fbf1c300cf8b864') in 0.014576 seconds 
  Import took 0.020426 seconds .

========================================================================
Received Prepare
Registering precompiled user dll's ...
Registered in 0.027759 seconds.
Begin MonoManager ReloadAssembly
Native extension for WindowsStandalone target not found
Refreshing native plugins compatible for Editor in 0.41 ms, found 2 plugins.
Preloading 0 native plugins for Editor in 0.00 ms.
Mono: successfully reloaded assembly
- Completed reload, in  2.369 seconds
Domain Reload Profiling:
	ReloadAssembly (2371ms)
		BeginReloadAssembly (386ms)
			ExecutionOrderSort (0ms)
			DisableScriptedObjects (27ms)
			BackupInstance (0ms)
			ReleaseScriptingObjects (0ms)
			CreateAndSetChildDomain (155ms)
		EndReloadAssembly (1865ms)
			LoadAssemblies (272ms)
			RebuildTransferFunctionScriptingTraits (1ms)
			SetupTypeCache (787ms)
			ReleaseScriptCaches (1ms)
			RebuildScriptCaches (100ms)
			SetupLoadedEditorAssemblies (555ms)
				LogAssemblyErrors (0ms)
				InitializePlatformSupportModulesInManaged (6ms)
				SetLoadedEditorAssemblies (1ms)
				RefreshPlugins (0ms)
				BeforeProcessingInitializeOnLoad (104ms)
				ProcessInitializeOnLoadAttributes (424ms)
				ProcessInitializeOnLoadMethodAttributes (14ms)
				AfterProcessingInitializeOnLoad (5ms)
				EditorAssembliesLoaded (0ms)
			ExecutionOrderSort2 (0ms)
			AwakeInstancesAfterBackupRestoration (11ms)
Platform modules already initialized, skipping
Refreshing native plugins compatible for Editor in 0.42 ms, found 2 plugins.
Preloading 0 native plugins for Editor in 0.00 ms.
Unloading 1494 Unused Serialized files (Serialized files now loaded: 0)
System memory in use before: 70.9 MB.
System memory in use after: 71.0 MB.

Unloading 14 unused Assets to reduce memory usage. Loaded Objects now: 1991.
Total: 4.223200 ms (FindLiveObjects: 0.159600 ms CreateObjectMapping: 0.069900 ms MarkObjects: 3.940600 ms  DeleteObjects: 0.050800 ms)

AssetImportParameters requested are different than current active one (requested -> active):
  custom:framework-win-MediaFoundation: 216162199b28c13a410421893ffa2e32 -> 
  custom:video-decoder-ogg-theora: a1e56fd34408186e4bbccfd4996cb3dc -> 
  custom:container-muxer-webm: aa71ff27fc2769a1b78a27578f13a17b -> 
  custom:container-demuxer-webm: 4f35f7cbe854078d1ac9338744f61a02 -> 
  custom:container-demuxer-ogg: 62fdf1f143b41e24485cea50d1cbac27 -> 
  custom:video-encoder-webm-vp8: eb34c28f22e8b96e1ab97ce403110664 -> 
  custom:video-codec-MediaFoundation-h265: 746d11721c4dcdbdad8f713fa42b33f4 -> 
  custom:video-decoder-webm-vp8: 9c59270c3fd7afecdb556c50c9e8de78 -> 
  custom:audio-decoder-ogg-vorbis: bf7c407c2cedff20999df2af8eb42d56 -> 
  custom:audio-encoder-webm-vorbis: bf7c407c2cedff20999df2af8eb42d56 -> 
========================================================================
Received Import Request.
  Time since last request: 2130.291895 seconds.
  path: Assets/UI pack/Button/New Material.mat
  artifactKey: Guid(dc80c61c3904f024fb1d8eb9cde1dbee) Importer(815301076,1909f56bfc062723c751e8b465ee728b)
Start importing Assets/UI pack/Button/New Material.mat using Guid(dc80c61c3904f024fb1d8eb9cde1dbee) Importer(815301076,1909f56bfc062723c751e8b465ee728b)  -> (artifact id: '57b21b13ec04f35ae9d4757e2f89980f') in 0.692421 seconds 
  Import took 0.702235 seconds .

========================================================================
Received Import Request.
  Time since last request: 1278.812952 seconds.
  path: Assets/UI pack/Scripts/FillValueNumber.cs
  artifactKey: Guid(04a0c3673b152e3428eb3cf3443bc37f) Importer(815301076,1909f56bfc062723c751e8b465ee728b)
Start importing Assets/UI pack/Scripts/FillValueNumber.cs using Guid(04a0c3673b152e3428eb3cf3443bc37f) Importer(815301076,1909f56bfc062723c751e8b465ee728b)  -> (artifact id: 'a75bfc8bbc0cd4f9bce0d90e68868ee7') in 0.027545 seconds 
  Import took 0.032608 seconds .

========================================================================
Received Prepare
Registering precompiled user dll's ...
Registered in 0.029266 seconds.
Begin MonoManager ReloadAssembly
Native extension for WindowsStandalone target not found
Refreshing native plugins compatible for Editor in 0.95 ms, found 2 plugins.
Preloading 0 native plugins for Editor in 0.00 ms.
Mono: successfully reloaded assembly
- Completed reload, in  3.204 seconds
Domain Reload Profiling:
	ReloadAssembly (3205ms)
		BeginReloadAssembly (404ms)
			ExecutionOrderSort (0ms)
			DisableScriptedObjects (23ms)
			BackupInstance (0ms)
			ReleaseScriptingObjects (0ms)
			CreateAndSetChildDomain (103ms)
		EndReloadAssembly (2502ms)
			LoadAssemblies (390ms)
			RebuildTransferFunctionScriptingTraits (0ms)
			SetupTypeCache (1034ms)
			ReleaseScriptCaches (2ms)
			RebuildScriptCaches (141ms)
			SetupLoadedEditorAssemblies (683ms)
				LogAssemblyErrors (0ms)
				InitializePlatformSupportModulesInManaged (19ms)
				SetLoadedEditorAssemblies (2ms)
				RefreshPlugins (1ms)
				BeforeProcessingInitializeOnLoad (256ms)
				ProcessInitializeOnLoadAttributes (382ms)
				ProcessInitializeOnLoadMethodAttributes (17ms)
				AfterProcessingInitializeOnLoad (5ms)
				EditorAssembliesLoaded (0ms)
			ExecutionOrderSort2 (0ms)
			AwakeInstancesAfterBackupRestoration (14ms)
Platform modules already initialized, skipping
Refreshing native plugins compatible for Editor in 0.47 ms, found 2 plugins.
Preloading 0 native plugins for Editor in 0.00 ms.
Unloading 1494 Unused Serialized files (Serialized files now loaded: 0)
System memory in use before: 71.0 MB.
System memory in use after: 71.1 MB.

Unloading 14 unused Assets to reduce memory usage. Loaded Objects now: 1994.
Total: 3.916000 ms (FindLiveObjects: 0.199100 ms CreateObjectMapping: 0.074000 ms MarkObjects: 3.611400 ms  DeleteObjects: 0.030000 ms)

AssetImportParameters requested are different than current active one (requested -> active):
  custom:framework-win-MediaFoundation: 216162199b28c13a410421893ffa2e32 -> 
  custom:video-decoder-ogg-theora: a1e56fd34408186e4bbccfd4996cb3dc -> 
  custom:container-muxer-webm: aa71ff27fc2769a1b78a27578f13a17b -> 
  custom:container-demuxer-webm: 4f35f7cbe854078d1ac9338744f61a02 -> 
  custom:container-demuxer-ogg: 62fdf1f143b41e24485cea50d1cbac27 -> 
  custom:video-encoder-webm-vp8: eb34c28f22e8b96e1ab97ce403110664 -> 
  custom:video-codec-MediaFoundation-h265: 746d11721c4dcdbdad8f713fa42b33f4 -> 
  custom:video-decoder-webm-vp8: 9c59270c3fd7afecdb556c50c9e8de78 -> 
  custom:audio-decoder-ogg-vorbis: bf7c407c2cedff20999df2af8eb42d56 -> 
  custom:audio-encoder-webm-vorbis: bf7c407c2cedff20999df2af8eb42d56 -> 
========================================================================
Received Prepare
Registering precompiled user dll's ...
Registered in 0.034935 seconds.
Begin MonoManager ReloadAssembly
Native extension for WindowsStandalone target not found
Refreshing native plugins compatible for Editor in 0.78 ms, found 2 plugins.
Preloading 0 native plugins for Editor in 0.00 ms.
Mono: successfully reloaded assembly
- Completed reload, in  2.888 seconds
Domain Reload Profiling:
	ReloadAssembly (2889ms)
		BeginReloadAssembly (328ms)
			ExecutionOrderSort (0ms)
			DisableScriptedObjects (15ms)
			BackupInstance (0ms)
			ReleaseScriptingObjects (0ms)
			CreateAndSetChildDomain (90ms)
		EndReloadAssembly (2368ms)
			LoadAssemblies (310ms)
			RebuildTransferFunctionScriptingTraits (0ms)
			SetupTypeCache (840ms)
			ReleaseScriptCaches (2ms)
			RebuildScriptCaches (108ms)
			SetupLoadedEditorAssemblies (915ms)
				LogAssemblyErrors (0ms)
				InitializePlatformSupportModulesInManaged (15ms)
				SetLoadedEditorAssemblies (2ms)
				RefreshPlugins (1ms)
				BeforeProcessingInitializeOnLoad (209ms)
				ProcessInitializeOnLoadAttributes (648ms)
				ProcessInitializeOnLoadMethodAttributes (28ms)
				AfterProcessingInitializeOnLoad (11ms)
				EditorAssembliesLoaded (1ms)
			ExecutionOrderSort2 (0ms)
			AwakeInstancesAfterBackupRestoration (15ms)
Platform modules already initialized, skipping
Refreshing native plugins compatible for Editor in 0.42 ms, found 2 plugins.
Preloading 0 native plugins for Editor in 0.00 ms.
Unloading 1494 Unused Serialized files (Serialized files now loaded: 0)
System memory in use before: 71.0 MB.
System memory in use after: 71.1 MB.

Unloading 14 unused Assets to reduce memory usage. Loaded Objects now: 1996.
Total: 6.294800 ms (FindLiveObjects: 0.308800 ms CreateObjectMapping: 0.079600 ms MarkObjects: 5.841300 ms  DeleteObjects: 0.062300 ms)

AssetImportParameters requested are different than current active one (requested -> active):
  custom:framework-win-MediaFoundation: 216162199b28c13a410421893ffa2e32 -> 
  custom:video-decoder-ogg-theora: a1e56fd34408186e4bbccfd4996cb3dc -> 
  custom:container-muxer-webm: aa71ff27fc2769a1b78a27578f13a17b -> 
  custom:container-demuxer-webm: 4f35f7cbe854078d1ac9338744f61a02 -> 
  custom:container-demuxer-ogg: 62fdf1f143b41e24485cea50d1cbac27 -> 
  custom:video-encoder-webm-vp8: eb34c28f22e8b96e1ab97ce403110664 -> 
  custom:video-codec-MediaFoundation-h265: 746d11721c4dcdbdad8f713fa42b33f4 -> 
  custom:video-decoder-webm-vp8: 9c59270c3fd7afecdb556c50c9e8de78 -> 
  custom:audio-decoder-ogg-vorbis: bf7c407c2cedff20999df2af8eb42d56 -> 
  custom:audio-encoder-webm-vorbis: bf7c407c2cedff20999df2af8eb42d56 -> 
========================================================================
Received Prepare
Registering precompiled user dll's ...
Registered in 0.033670 seconds.
Begin MonoManager ReloadAssembly
Native extension for WindowsStandalone target not found
Refreshing native plugins compatible for Editor in 0.83 ms, found 2 plugins.
Preloading 0 native plugins for Editor in 0.00 ms.
Mono: successfully reloaded assembly
- Completed reload, in  3.034 seconds
Domain Reload Profiling:
	ReloadAssembly (3035ms)
		BeginReloadAssembly (406ms)
			ExecutionOrderSort (0ms)
			DisableScriptedObjects (21ms)
			BackupInstance (0ms)
			ReleaseScriptingObjects (0ms)
			CreateAndSetChildDomain (92ms)
		EndReloadAssembly (2342ms)
			LoadAssemblies (398ms)
			RebuildTransferFunctionScriptingTraits (0ms)
			SetupTypeCache (897ms)
			ReleaseScriptCaches (2ms)
			RebuildScriptCaches (130ms)
			SetupLoadedEditorAssemblies (709ms)
				LogAssemblyErrors (0ms)
				InitializePlatformSupportModulesInManaged (14ms)
				SetLoadedEditorAssemblies (2ms)
				RefreshPlugins (1ms)
				BeforeProcessingInitializeOnLoad (183ms)
				ProcessInitializeOnLoadAttributes (466ms)
				ProcessInitializeOnLoadMethodAttributes (26ms)
				AfterProcessingInitializeOnLoad (16ms)
				EditorAssembliesLoaded (1ms)
			ExecutionOrderSort2 (0ms)
			AwakeInstancesAfterBackupRestoration (23ms)
Platform modules already initialized, skipping
Refreshing native plugins compatible for Editor in 0.42 ms, found 2 plugins.
Preloading 0 native plugins for Editor in 0.00 ms.
Unloading 1494 Unused Serialized files (Serialized files now loaded: 0)
System memory in use before: 71.0 MB.
System memory in use after: 71.1 MB.

Unloading 14 unused Assets to reduce memory usage. Loaded Objects now: 1998.
Total: 3.370900 ms (FindLiveObjects: 0.207000 ms CreateObjectMapping: 0.064000 ms MarkObjects: 3.068500 ms  DeleteObjects: 0.029900 ms)

AssetImportParameters requested are different than current active one (requested -> active):
  custom:framework-win-MediaFoundation: 216162199b28c13a410421893ffa2e32 -> 
  custom:video-decoder-ogg-theora: a1e56fd34408186e4bbccfd4996cb3dc -> 
  custom:container-muxer-webm: aa71ff27fc2769a1b78a27578f13a17b -> 
  custom:container-demuxer-webm: 4f35f7cbe854078d1ac9338744f61a02 -> 
  custom:container-demuxer-ogg: 62fdf1f143b41e24485cea50d1cbac27 -> 
  custom:video-encoder-webm-vp8: eb34c28f22e8b96e1ab97ce403110664 -> 
  custom:video-codec-MediaFoundation-h265: 746d11721c4dcdbdad8f713fa42b33f4 -> 
  custom:video-decoder-webm-vp8: 9c59270c3fd7afecdb556c50c9e8de78 -> 
  custom:audio-decoder-ogg-vorbis: bf7c407c2cedff20999df2af8eb42d56 -> 
  custom:audio-encoder-webm-vorbis: bf7c407c2cedff20999df2af8eb42d56 -> 
AssetImportWorkerClient::OnTransportError - code=2 error=End of file
